2024-09-03 11:36:00 971 [main] DEBUG org.apache.ibatis.logging.LogFactory - Logging initialized using 'class org.apache.ibatis.logging.log4j2.Log4j2Impl' adapter.
2024-09-03 11:46:14 863 [main] DEBUG org.apache.ibatis.logging.LogFactory - Logging initialized using 'class org.apache.ibatis.logging.log4j2.Log4j2Impl' adapter.
2024-09-03 11:46:15 196 [main] DEBUG org.mybatis.spring.SqlSessionUtils - Creating a new SqlSession
2024-09-03 11:46:15 208 [main] DEBUG org.mybatis.spring.SqlSessionUtils - SqlSession [org.apache.ibatis.session.defaults.DefaultSqlSession@3a62c01e] was not registered for synchronization because synchronization is not active
2024-09-03 11:46:15 530 [main] DEBUG org.mybatis.spring.transaction.SpringManagedTransaction - JDBC Connection [HikariProxyConnection@796553753 wrapping org.mariadb.jdbc.Connection@669513d8] will not be managed by Spring
2024-09-03 11:46:15 541 [main] DEBUG userNS.selectUserById - ==>  Preparing: select * from users where userid=? 
2024-09-03 11:46:15 598 [main] DEBUG userNS.selectUserById - ==> Parameters: dooly(String)
2024-09-03 11:46:15 647 [main] DEBUG userNS.selectUserById - <==      Total: 1
2024-09-03 11:46:15 672 [main] DEBUG org.mybatis.spring.SqlSessionUtils - Closing non transactional SqlSession [org.apache.ibatis.session.defaults.DefaultSqlSession@3a62c01e]
2024-09-03 13:05:40 278 [main] DEBUG org.apache.ibatis.logging.LogFactory - Logging initialized using 'class org.apache.ibatis.logging.log4j2.Log4j2Impl' adapter.
2024-09-03 13:05:40 749 [main] DEBUG org.mybatis.spring.SqlSessionUtils - Creating a new SqlSession
2024-09-03 13:05:40 772 [main] DEBUG org.mybatis.spring.SqlSessionUtils - SqlSession [org.apache.ibatis.session.defaults.DefaultSqlSession@3a62c01e] was not registered for synchronization because synchronization is not active
2024-09-03 13:05:41 273 [main] DEBUG org.mybatis.spring.transaction.SpringManagedTransaction - JDBC Connection [HikariProxyConnection@796553753 wrapping org.mariadb.jdbc.Connection@669513d8] will not be managed by Spring
2024-09-03 13:05:41 285 [main] DEBUG userNS.selectUserById - ==>  Preparing: select * from users where userid=? 
2024-09-03 13:05:41 368 [main] DEBUG userNS.selectUserById - ==> Parameters: dooly(String)
2024-09-03 13:05:41 435 [main] DEBUG userNS.selectUserById - <==      Total: 1
2024-09-03 13:05:41 459 [main] DEBUG org.mybatis.spring.SqlSessionUtils - Closing non transactional SqlSession [org.apache.ibatis.session.defaults.DefaultSqlSession@3a62c01e]
2024-09-03 13:26:49 214 [main] DEBUG org.mybatis.spring.mapper.ClassPathMapperScanner - Identified candidate component class: file [C:\sts3.9-bundle\workspace\MySpringFW\target\classes\myspring\student\dao\mapper\StudentMapper.class]
2024-09-03 13:26:49 221 [main] DEBUG org.mybatis.spring.mapper.ClassPathMapperScanner - Identified candidate component class: file [C:\sts3.9-bundle\workspace\MySpringFW\target\classes\myspring\user\dao\mapper\UserMapper.class]
2024-09-03 13:26:49 230 [main] DEBUG org.mybatis.spring.mapper.ClassPathMapperScanner - Creating MapperFactoryBean with name 'studentMapper' and 'myspring.student.dao.mapper.StudentMapper' mapperInterface
2024-09-03 13:26:49 230 [main] DEBUG org.mybatis.spring.mapper.ClassPathMapperScanner - Creating MapperFactoryBean with name 'userMapper' and 'myspring.user.dao.mapper.UserMapper' mapperInterface
2024-09-03 13:26:49 793 [main] DEBUG org.apache.ibatis.logging.LogFactory - Logging initialized using 'class org.apache.ibatis.logging.log4j2.Log4j2Impl' adapter.
2024-09-03 13:26:50 163 [main] DEBUG org.mybatis.spring.SqlSessionUtils - Creating a new SqlSession
2024-09-03 13:26:50 176 [main] DEBUG org.mybatis.spring.SqlSessionUtils - SqlSession [org.apache.ibatis.session.defaults.DefaultSqlSession@5ef0d29e] was not registered for synchronization because synchronization is not active
2024-09-03 13:26:50 578 [main] DEBUG org.mybatis.spring.transaction.SpringManagedTransaction - JDBC Connection [HikariProxyConnection@453671855 wrapping org.mariadb.jdbc.Connection@62417a16] will not be managed by Spring
2024-09-03 13:26:50 588 [main] DEBUG myspring.user.dao.mapper.UserMapper.selectUserById - ==>  Preparing: select * from users where userid=? 
2024-09-03 13:26:50 649 [main] DEBUG myspring.user.dao.mapper.UserMapper.selectUserById - ==> Parameters: dooly(String)
2024-09-03 13:26:50 714 [main] DEBUG myspring.user.dao.mapper.UserMapper.selectUserById - <==      Total: 1
2024-09-03 13:26:50 731 [main] DEBUG org.mybatis.spring.SqlSessionUtils - Closing non transactional SqlSession [org.apache.ibatis.session.defaults.DefaultSqlSession@5ef0d29e]
